\BOOKMARK [0][-]{chapter.1}{\376\377\000\315\000n\000d\000i\000c\000e\000\040\000d\000o\000s\000\040\000C\000o\000m\000p\000o\000n\000e\000n\000t\000e\000s}{}
\BOOKMARK [1][-]{section.1.1}{\376\377\000L\000i\000s\000t\000a\000\040\000d\000e\000\040\000C\000o\000m\000p\000o\000n\000e\000n\000t\000e\000s}{chapter.1}
\BOOKMARK [0][-]{chapter.2}{\376\377\000\315\000n\000d\000i\000c\000e\000\040\000d\000o\000s\000\040\000A\000r\000q\000u\000i\000v\000o\000s}{}
\BOOKMARK [1][-]{section.2.1}{\376\377\000L\000i\000s\000t\000a\000\040\000d\000e\000\040\000A\000r\000q\000u\000i\000v\000o\000s}{chapter.2}
\BOOKMARK [0][-]{chapter.3}{\376\377\000C\000l\000a\000s\000s\000e\000s}{}
\BOOKMARK [1][-]{section.3.1}{\376\377\000R\000e\000f\000e\000r\000\352\000n\000c\000i\000a\000\040\000d\000a\000\040\000C\000l\000a\000s\000s\000e\000\040\000A\000r\000q\000u\000i\000v\000o}{chapter.3}
\BOOKMARK [2][-]{subsection.3.1.1}{\376\377\000C\000o\000n\000s\000t\000r\000u\000t\000o\000r\000e\000s\000\040\000\046\000\040\000D\000e\000s\000t\000r\000u\000t\000o\000r\000e\000s}{section.3.1}
\BOOKMARK [3][-]{subsubsection.3.1.1.1}{\376\377\000A\000r\000q\000u\000i\000v\000o}{subsection.3.1.1}
\BOOKMARK [3][-]{subsubsection.3.1.1.2}{\376\377\000A\000r\000q\000u\000i\000v\000o}{subsection.3.1.1}
\BOOKMARK [3][-]{subsubsection.3.1.1.3}{\376\377\000A\000r\000q\000u\000i\000v\000o}{subsection.3.1.1}
\BOOKMARK [2][-]{subsection.3.1.2}{\376\377\000M\000\351\000t\000o\000d\000o\000s}{section.3.1}
\BOOKMARK [3][-]{subsubsection.3.1.2.1}{\376\377\000f\000e\000c\000h\000a\000r}{subsection.3.1.2}
\BOOKMARK [3][-]{subsubsection.3.1.2.2}{\376\377\000g\000r\000a\000v\000a\000r\000L\000i\000n\000h\000a}{subsection.3.1.2}
\BOOKMARK [3][-]{subsubsection.3.1.2.3}{\376\377\000o\000b\000t\000e\000r\000L\000i\000n\000h\000a}{subsection.3.1.2}
\BOOKMARK [1][-]{section.3.2}{\376\377\000R\000e\000f\000e\000r\000\352\000n\000c\000i\000a\000\040\000d\000a\000\040\000C\000l\000a\000s\000s\000e\000\040\000A\000u\000t\000o\000m\000a\000t\000o\000C\000e\000l\000u\000l\000a\000r}{chapter.3}
\BOOKMARK [2][-]{subsection.3.2.1}{\376\377\000C\000o\000n\000s\000t\000r\000u\000t\000o\000r\000e\000s\000\040\000\046\000\040\000D\000e\000s\000t\000r\000u\000t\000o\000r\000e\000s}{section.3.2}
\BOOKMARK [3][-]{subsubsection.3.2.1.1}{\376\377\000A\000u\000t\000o\000m\000a\000t\000o\000C\000e\000l\000u\000l\000a\000r}{subsection.3.2.1}
\BOOKMARK [3][-]{subsubsection.3.2.1.2}{\376\377\000A\000u\000t\000o\000m\000a\000t\000o\000C\000e\000l\000u\000l\000a\000r}{subsection.3.2.1}
\BOOKMARK [3][-]{subsubsection.3.2.1.3}{\376\377\000A\000u\000t\000o\000m\000a\000t\000o\000C\000e\000l\000u\000l\000a\000r}{subsection.3.2.1}
\BOOKMARK [2][-]{subsection.3.2.2}{\376\377\000M\000\351\000t\000o\000d\000o\000s}{section.3.2}
\BOOKMARK [3][-]{subsubsection.3.2.2.1}{\376\377\000a\000p\000l\000i\000c\000a\000r\000T\000r\000a\000n\000s\000i\000c\000a\000o}{subsection.3.2.2}
\BOOKMARK [3][-]{subsubsection.3.2.2.2}{\376\377\000c\000a\000r\000r\000e\000g\000a\000r\000C\000o\000n\000f\000i\000g}{subsection.3.2.2}
\BOOKMARK [3][-]{subsubsection.3.2.2.3}{\376\377\000D\000E\000B\000U\000G\000\137\000I\000m\000p\000r\000i\000m\000i\000r}{subsection.3.2.2}
\BOOKMARK [3][-]{subsubsection.3.2.2.4}{\376\377\000g\000r\000a\000v\000a\000r\000D\000a\000d\000o\000s\000G\000r\000a\000f\000i\000c\000o}{subsection.3.2.2}
\BOOKMARK [3][-]{subsubsection.3.2.2.5}{\376\377\000s\000t\000r\000i\000n\000g\000P\000a\000r\000a\000D\000a\000d\000o}{subsection.3.2.2}
\BOOKMARK [1][-]{section.3.3}{\376\377\000R\000e\000f\000e\000r\000\352\000n\000c\000i\000a\000\040\000d\000a\000\040\000C\000l\000a\000s\000s\000e\000\040\000C\000a\000m\000p\000o\000M\000e\000d\000i\000o}{chapter.3}
\BOOKMARK [2][-]{subsection.3.3.1}{\376\377\000C\000o\000n\000s\000t\000r\000u\000t\000o\000r\000e\000s\000\040\000\046\000\040\000D\000e\000s\000t\000r\000u\000t\000o\000r\000e\000s}{section.3.3}
\BOOKMARK [3][-]{subsubsection.3.3.1.1}{\376\377\000C\000a\000m\000p\000o\000M\000e\000d\000i\000o}{subsection.3.3.1}
\BOOKMARK [3][-]{subsubsection.3.3.1.2}{\376\377\000C\000a\000m\000p\000o\000M\000e\000d\000i\000o}{subsection.3.3.1}
\BOOKMARK [3][-]{subsubsection.3.3.1.3}{\376\377\000C\000a\000m\000p\000o\000M\000e\000d\000i\000o}{subsection.3.3.1}
\BOOKMARK [3][-]{subsubsection.3.3.1.4}{\376\377\000C\000a\000m\000p\000o\000M\000e\000d\000i\000o}{subsection.3.3.1}
\BOOKMARK [2][-]{subsection.3.3.2}{\376\377\000M\000\351\000t\000o\000d\000o\000s}{section.3.3}
\BOOKMARK [3][-]{subsubsection.3.3.2.1}{\376\377\000c\000o\000m\000p\000u\000t\000a\000r\000G\000e\000r\000a\000c\000a\000o}{subsection.3.3.2}
\BOOKMARK [3][-]{subsubsection.3.3.2.2}{\376\377\000c\000o\000m\000p\000u\000t\000a\000r\000G\000e\000r\000a\000c\000a\000o}{subsection.3.3.2}
\BOOKMARK [3][-]{subsubsection.3.3.2.3}{\376\377\000d\000e\000f\000i\000n\000i\000r\000P\000a\000r\000a\000m\000e\000t\000r\000o\000s}{subsection.3.3.2}
\BOOKMARK [1][-]{section.3.4}{\376\377\000R\000e\000f\000e\000r\000\352\000n\000c\000i\000a\000\040\000d\000a\000\040\000C\000l\000a\000s\000s\000e\000\040\000C\000e\000l\000u\000l\000a}{chapter.3}
\BOOKMARK [2][-]{subsection.3.4.1}{\376\377\000C\000o\000n\000s\000t\000r\000u\000t\000o\000r\000e\000s\000\040\000\046\000\040\000D\000e\000s\000t\000r\000u\000t\000o\000r\000e\000s}{section.3.4}
\BOOKMARK [3][-]{subsubsection.3.4.1.1}{\376\377\000C\000e\000l\000u\000l\000a}{subsection.3.4.1}
\BOOKMARK [3][-]{subsubsection.3.4.1.2}{\376\377\000C\000e\000l\000u\000l\000a}{subsection.3.4.1}
\BOOKMARK [3][-]{subsubsection.3.4.1.3}{\376\377\000C\000e\000l\000u\000l\000a}{subsection.3.4.1}
\BOOKMARK [2][-]{subsection.3.4.2}{\376\377\000M\000\351\000t\000o\000d\000o\000s}{section.3.4}
\BOOKMARK [3][-]{subsubsection.3.4.2.1}{\376\377\000o\000p\000e\000r\000a\000t\000o\000r\000=}{subsection.3.4.2}
\BOOKMARK [2][-]{subsection.3.4.3}{\376\377\000A\000m\000i\000g\000a\000s\000\040\000e\000\040\000F\000u\000n\000\347\000\365\000e\000s\000\040\000R\000e\000l\000a\000c\000i\000o\000n\000a\000d\000a\000s}{section.3.4}
\BOOKMARK [3][-]{subsubsection.3.4.3.1}{\376\377\000A\000u\000t\000o\000m\000a\000t\000o\000C\000e\000l\000u\000l\000a\000r}{subsection.3.4.3}
\BOOKMARK [1][-]{section.3.5}{\376\377\000R\000e\000f\000e\000r\000\352\000n\000c\000i\000a\000\040\000d\000a\000\040\000C\000l\000a\000s\000s\000e\000\040\000C\000e\000l\000u\000l\000a\000L\000G\000C\000A}{chapter.3}
\BOOKMARK [2][-]{subsection.3.5.1}{\376\377\000C\000o\000n\000s\000t\000r\000u\000t\000o\000r\000e\000s\000\040\000\046\000\040\000D\000e\000s\000t\000r\000u\000t\000o\000r\000e\000s}{section.3.5}
\BOOKMARK [3][-]{subsubsection.3.5.1.1}{\376\377\000C\000e\000l\000u\000l\000a\000L\000G\000C\000A}{subsection.3.5.1}
\BOOKMARK [3][-]{subsubsection.3.5.1.2}{\376\377\000C\000e\000l\000u\000l\000a\000L\000G\000C\000A}{subsection.3.5.1}
\BOOKMARK [3][-]{subsubsection.3.5.1.3}{\376\377\000C\000e\000l\000u\000l\000a\000L\000G\000C\000A}{subsection.3.5.1}
\BOOKMARK [2][-]{subsection.3.5.2}{\376\377\000M\000\351\000t\000o\000d\000o\000s}{section.3.5}
\BOOKMARK [3][-]{subsubsection.3.5.2.1}{\376\377\000a\000t\000u\000a\000l\000i\000z\000a\000r\000C\000e\000l\000u\000l\000a}{subsection.3.5.2}
\BOOKMARK [3][-]{subsubsection.3.5.2.2}{\376\377\000c\000a\000n\000a\000l\000O\000p\000o\000s\000t\000o}{subsection.3.5.2}
\BOOKMARK [3][-]{subsubsection.3.5.2.3}{\376\377\000d\000e\000f\000i\000n\000i\000r\000C\000a\000n\000a\000l}{subsection.3.5.2}
\BOOKMARK [3][-]{subsubsection.3.5.2.4}{\376\377\000d\000e\000f\000i\000n\000i\000r\000E\000s\000t\000a\000d\000o}{subsection.3.5.2}
\BOOKMARK [3][-]{subsubsection.3.5.2.5}{\376\377\000e\000m\000b\000a\000r\000a\000l\000h\000a\000r\000I\000n\000d\000i\000v\000i\000d\000u\000o\000s}{subsection.3.5.2}
\BOOKMARK [3][-]{subsubsection.3.5.2.6}{\376\377\000e\000m\000b\000a\000r\000a\000l\000h\000a\000r\000V\000e\000t\000o\000r\000I\000n\000t\000e\000i\000r\000o}{subsection.3.5.2}
\BOOKMARK [3][-]{subsubsection.3.5.2.7}{\376\377\000g\000e\000r\000a\000r\000A\000l\000e\000a\000t\000o\000r\000i\000o}{subsection.3.5.2}
\BOOKMARK [3][-]{subsubsection.3.5.2.8}{\376\377\000o\000b\000t\000e\000r\000C\000a\000n\000a\000l}{subsection.3.5.2}
\BOOKMARK [3][-]{subsubsection.3.5.2.9}{\376\377\000o\000b\000t\000e\000r\000E\000s\000t\000a\000d\000o}{subsection.3.5.2}
\BOOKMARK [3][-]{subsubsection.3.5.2.10}{\376\377\000o\000b\000t\000e\000r\000E\000s\000t\000a\000d\000o\000O\000p\000o\000s\000t\000o}{subsection.3.5.2}
\BOOKMARK [3][-]{subsubsection.3.5.2.11}{\376\377\000o\000b\000t\000e\000r\000N\000i}{subsection.3.5.2}
\BOOKMARK [3][-]{subsubsection.3.5.2.12}{\376\377\000o\000b\000t\000e\000r\000Q\000u\000a\000n\000t\000i\000d\000a\000d\000e\000I\000n\000d\000i\000v\000i\000d\000u\000o\000s}{subsection.3.5.2}
\BOOKMARK [3][-]{subsubsection.3.5.2.13}{\376\377\000o\000p\000e\000r\000a\000t\000o\000r\000=}{subsection.3.5.2}
\BOOKMARK [1][-]{section.3.6}{\376\377\000R\000e\000f\000e\000r\000\352\000n\000c\000i\000a\000\040\000d\000a\000\040\000C\000l\000a\000s\000s\000e\000\040\000J\000a\000n\000e\000l\000a\000S\000D\000L}{chapter.3}
\BOOKMARK [2][-]{subsection.3.6.1}{\376\377\000C\000o\000n\000s\000t\000r\000u\000t\000o\000r\000e\000s\000\040\000\046\000\040\000D\000e\000s\000t\000r\000u\000t\000o\000r\000e\000s}{section.3.6}
\BOOKMARK [3][-]{subsubsection.3.6.1.1}{\376\377\000J\000a\000n\000e\000l\000a\000S\000D\000L}{subsection.3.6.1}
\BOOKMARK [3][-]{subsubsection.3.6.1.2}{\376\377\000J\000a\000n\000e\000l\000a\000S\000D\000L}{subsection.3.6.1}
\BOOKMARK [3][-]{subsubsection.3.6.1.3}{\376\377\000J\000a\000n\000e\000l\000a\000S\000D\000L}{subsection.3.6.1}
\BOOKMARK [2][-]{subsection.3.6.2}{\376\377\000M\000\351\000t\000o\000d\000o\000s}{section.3.6}
\BOOKMARK [3][-]{subsubsection.3.6.2.1}{\376\377\000a\000t\000u\000a\000l\000i\000z\000a\000r}{subsection.3.6.2}
\BOOKMARK [3][-]{subsubsection.3.6.2.2}{\376\377\000d\000e\000f\000i\000n\000i\000r\000D\000e\000l\000a\000y}{subsection.3.6.2}
\BOOKMARK [3][-]{subsubsection.3.6.2.3}{\376\377\000d\000e\000f\000i\000n\000i\000r\000D\000i\000m\000e\000n\000s\000o\000e\000s}{subsection.3.6.2}
\BOOKMARK [3][-]{subsubsection.3.6.2.4}{\376\377\000d\000e\000f\000i\000n\000i\000r\000P\000i\000x\000e\000l}{subsection.3.6.2}
\BOOKMARK [3][-]{subsubsection.3.6.2.5}{\376\377\000d\000e\000f\000i\000n\000i\000r\000P\000i\000x\000e\000l}{subsection.3.6.2}
\BOOKMARK [3][-]{subsubsection.3.6.2.6}{\376\377\000d\000e\000f\000i\000n\000i\000r\000T\000a\000m\000a\000n\000h\000o\000C\000e\000l\000u\000l\000a}{subsection.3.6.2}
\BOOKMARK [3][-]{subsubsection.3.6.2.7}{\376\377\000g\000r\000a\000v\000a\000r\000S\000c\000r\000e\000e\000n\000s\000h\000o\000t}{subsection.3.6.2}
\BOOKMARK [3][-]{subsubsection.3.6.2.8}{\376\377\000i\000n\000i\000c\000i\000a\000l\000i\000z\000a\000r}{subsection.3.6.2}
\BOOKMARK [3][-]{subsubsection.3.6.2.9}{\376\377\000o\000b\000t\000e\000r\000P\000a\000r\000a\000m\000e\000t\000r\000o\000s}{subsection.3.6.2}
\BOOKMARK [1][-]{section.3.7}{\376\377\000R\000e\000f\000e\000r\000\352\000n\000c\000i\000a\000\040\000d\000a\000\040\000C\000l\000a\000s\000s\000e\000\040\000L\000G\000C\000A}{chapter.3}
\BOOKMARK [2][-]{subsection.3.7.1}{\376\377\000C\000o\000n\000s\000t\000r\000u\000t\000o\000r\000e\000s\000\040\000\046\000\040\000D\000e\000s\000t\000r\000u\000t\000o\000r\000e\000s}{section.3.7}
\BOOKMARK [3][-]{subsubsection.3.7.1.1}{\376\377\000L\000G\000C\000A}{subsection.3.7.1}
\BOOKMARK [3][-]{subsubsection.3.7.1.2}{\376\377\000L\000G\000C\000A}{subsection.3.7.1}
\BOOKMARK [3][-]{subsubsection.3.7.1.3}{\376\377\000L\000G\000C\000A}{subsection.3.7.1}
\BOOKMARK [3][-]{subsubsection.3.7.1.4}{\376\377\000L\000G\000C\000A}{subsection.3.7.1}
\BOOKMARK [2][-]{subsection.3.7.2}{\376\377\000M\000\351\000t\000o\000d\000o\000s}{section.3.7}
\BOOKMARK [3][-]{subsubsection.3.7.2.1}{\376\377\000a\000p\000l\000i\000c\000a\000r\000T\000r\000a\000n\000s\000i\000c\000a\000o}{subsection.3.7.2}
\BOOKMARK [3][-]{subsubsection.3.7.2.2}{\376\377\000c\000a\000r\000r\000e\000g\000a\000r\000E\000s\000t\000a\000d\000o}{subsection.3.7.2}
\BOOKMARK [3][-]{subsubsection.3.7.2.3}{\376\377\000i\000n\000i\000c\000i\000a\000l\000i\000z\000a\000r}{subsection.3.7.2}
\BOOKMARK [3][-]{subsubsection.3.7.2.4}{\376\377\000s\000a\000l\000v\000a\000r\000E\000s\000t\000a\000d\000o}{subsection.3.7.2}
\BOOKMARK [0][-]{chapter.4}{\376\377\000A\000r\000q\000u\000i\000v\000o\000s}{}
\BOOKMARK [1][-]{section.4.1}{\376\377\000R\000e\000f\000e\000r\000\352\000n\000c\000i\000a\000\040\000d\000o\000\040\000A\000r\000q\000u\000i\000v\000o\000\040\000.\000d\000e\000p\000.\000i\000n\000c}{chapter.4}
\BOOKMARK [1][-]{section.4.2}{\376\377\000R\000e\000f\000e\000r\000\352\000n\000c\000i\000a\000\040\000d\000o\000\040\000A\000r\000q\000u\000i\000v\000o\000\040\000A\000r\000q\000u\000i\000v\000o\000.\000c\000p\000p}{chapter.4}
\BOOKMARK [1][-]{section.4.3}{\376\377\000R\000e\000f\000e\000r\000\352\000n\000c\000i\000a\000\040\000d\000o\000\040\000A\000r\000q\000u\000i\000v\000o\000\040\000A\000r\000q\000u\000i\000v\000o\000.\000h}{chapter.4}
\BOOKMARK [1][-]{section.4.4}{\376\377\000R\000e\000f\000e\000r\000\352\000n\000c\000i\000a\000\040\000d\000o\000\040\000A\000r\000q\000u\000i\000v\000o\000\040\000A\000u\000t\000o\000m\000a\000t\000o\000C\000e\000l\000u\000l\000a\000r\000.\000c\000p\000p}{chapter.4}
\BOOKMARK [1][-]{section.4.5}{\376\377\000R\000e\000f\000e\000r\000\352\000n\000c\000i\000a\000\040\000d\000o\000\040\000A\000r\000q\000u\000i\000v\000o\000\040\000A\000u\000t\000o\000m\000a\000t\000o\000C\000e\000l\000u\000l\000a\000r\000.\000h}{chapter.4}
\BOOKMARK [2][-]{subsection.4.5.1}{\376\377\000D\000e\000f\000i\000n\000i\000\347\000\365\000e\000s\000\040\000e\000\040\000m\000a\000c\000r\000o\000s}{section.4.5}
\BOOKMARK [3][-]{subsubsection.4.5.1.1}{\376\377\000F\000I\000L\000E\000\137\000H\000O\000H\000L\000E\000\137\000G\000R\000A\000F\000I\000C\000O}{subsection.4.5.1}
\BOOKMARK [3][-]{subsubsection.4.5.1.2}{\376\377\000I\000N\000T\000E\000R\000V\000A\000L\000O\000\137\000S\000C\000R\000E\000E\000N\000S\000H\000O\000T\000S}{subsection.4.5.1}
\BOOKMARK [1][-]{section.4.6}{\376\377\000R\000e\000f\000e\000r\000\352\000n\000c\000i\000a\000\040\000d\000o\000\040\000A\000r\000q\000u\000i\000v\000o\000\040\000C\000a\000m\000p\000o\000M\000e\000d\000i\000o\000.\000c\000p\000p}{chapter.4}
\BOOKMARK [1][-]{section.4.7}{\376\377\000R\000e\000f\000e\000r\000\352\000n\000c\000i\000a\000\040\000d\000o\000\040\000A\000r\000q\000u\000i\000v\000o\000\040\000C\000a\000m\000p\000o\000M\000e\000d\000i\000o\000.\000h}{chapter.4}
\BOOKMARK [2][-]{subsection.4.7.1}{\376\377\000D\000e\000f\000i\000n\000i\000\347\000\365\000e\000s\000\040\000e\000\040\000m\000a\000c\000r\000o\000s}{section.4.7}
\BOOKMARK [3][-]{subsubsection.4.7.1.1}{\376\377\000F\000I\000L\000E\000\137\000D\000A\000D\000O\000S\000\137\000G\000R\000A\000F\000I\000C\000O}{subsection.4.7.1}
\BOOKMARK [1][-]{section.4.8}{\376\377\000R\000e\000f\000e\000r\000\352\000n\000c\000i\000a\000\040\000d\000o\000\040\000A\000r\000q\000u\000i\000v\000o\000\040\000C\000e\000l\000u\000l\000a\000.\000c\000p\000p}{chapter.4}
\BOOKMARK [1][-]{section.4.9}{\376\377\000R\000e\000f\000e\000r\000\352\000n\000c\000i\000a\000\040\000d\000o\000\040\000A\000r\000q\000u\000i\000v\000o\000\040\000C\000e\000l\000u\000l\000a\000.\000h}{chapter.4}
\BOOKMARK [2][-]{subsection.4.9.1}{\376\377\000D\000e\000f\000i\000n\000i\000\347\000\365\000e\000s\000\040\000e\000\040\000m\000a\000c\000r\000o\000s}{section.4.9}
\BOOKMARK [3][-]{subsubsection.4.9.1.1}{\376\377\000E}{subsection.4.9.1}
\BOOKMARK [3][-]{subsubsection.4.9.1.2}{\376\377\000N}{subsection.4.9.1}
\BOOKMARK [3][-]{subsubsection.4.9.1.3}{\376\377\000N\000E}{subsection.4.9.1}
\BOOKMARK [3][-]{subsubsection.4.9.1.4}{\376\377\000N\000W}{subsection.4.9.1}
\BOOKMARK [3][-]{subsubsection.4.9.1.5}{\376\377\000S\000E}{subsection.4.9.1}
\BOOKMARK [3][-]{subsubsection.4.9.1.6}{\376\377\000S\000W}{subsection.4.9.1}
\BOOKMARK [3][-]{subsubsection.4.9.1.7}{\376\377\000T\000O\000T\000\137\000V\000I\000Z\000I\000N\000H\000O\000S}{subsection.4.9.1}
\BOOKMARK [3][-]{subsubsection.4.9.1.8}{\376\377\000W}{subsection.4.9.1}
\BOOKMARK [1][-]{section.4.10}{\376\377\000R\000e\000f\000e\000r\000\352\000n\000c\000i\000a\000\040\000d\000o\000\040\000A\000r\000q\000u\000i\000v\000o\000\040\000C\000e\000l\000u\000l\000a\000L\000G\000C\000A\000.\000c\000p\000p}{chapter.4}
\BOOKMARK [1][-]{section.4.11}{\376\377\000R\000e\000f\000e\000r\000\352\000n\000c\000i\000a\000\040\000d\000o\000\040\000A\000r\000q\000u\000i\000v\000o\000\040\000C\000e\000l\000u\000l\000a\000L\000G\000C\000A\000.\000h}{chapter.4}
\BOOKMARK [2][-]{subsection.4.11.1}{\376\377\000D\000e\000f\000i\000n\000i\000\347\000\365\000e\000s\000\040\000e\000\040\000m\000a\000c\000r\000o\000s}{section.4.11}
\BOOKMARK [3][-]{subsubsection.4.11.1.1}{\376\377\000I}{subsection.4.11.1}
\BOOKMARK [3][-]{subsubsection.4.11.1.2}{\376\377\000L}{subsection.4.11.1}
\BOOKMARK [3][-]{subsubsection.4.11.1.3}{\376\377\000R}{subsection.4.11.1}
\BOOKMARK [3][-]{subsubsection.4.11.1.4}{\376\377\000S}{subsection.4.11.1}
\BOOKMARK [3][-]{subsubsection.4.11.1.5}{\376\377\000V}{subsection.4.11.1}
\BOOKMARK [1][-]{section.4.12}{\376\377\000R\000e\000f\000e\000r\000\352\000n\000c\000i\000a\000\040\000d\000o\000\040\000A\000r\000q\000u\000i\000v\000o\000\040\000J\000a\000n\000e\000l\000a\000S\000D\000L\000.\000c\000p\000p}{chapter.4}
\BOOKMARK [1][-]{section.4.13}{\376\377\000R\000e\000f\000e\000r\000\352\000n\000c\000i\000a\000\040\000d\000o\000\040\000A\000r\000q\000u\000i\000v\000o\000\040\000J\000a\000n\000e\000l\000a\000S\000D\000L\000.\000h}{chapter.4}
\BOOKMARK [1][-]{section.4.14}{\376\377\000R\000e\000f\000e\000r\000\352\000n\000c\000i\000a\000\040\000d\000o\000\040\000A\000r\000q\000u\000i\000v\000o\000\040\000L\000G\000C\000A\000.\000c\000p\000p}{chapter.4}
\BOOKMARK [1][-]{section.4.15}{\376\377\000R\000e\000f\000e\000r\000\352\000n\000c\000i\000a\000\040\000d\000o\000\040\000A\000r\000q\000u\000i\000v\000o\000\040\000L\000G\000C\000A\000.\000h}{chapter.4}
\BOOKMARK [2][-]{subsection.4.15.1}{\376\377\000D\000e\000f\000i\000n\000i\000\347\000\365\000e\000s\000\040\000e\000\040\000m\000a\000c\000r\000o\000s}{section.4.15}
\BOOKMARK [3][-]{subsubsection.4.15.1.1}{\376\377\000F\000I\000L\000E\000\137\000E\000S\000T\000A\000D\000O}{subsection.4.15.1}
\BOOKMARK [3][-]{subsubsection.4.15.1.2}{\376\377\000F\000I\000L\000E\000\137\000G\000R\000A\000F\000I\000C\000O\000\137\000I\000R}{subsection.4.15.1}
\BOOKMARK [3][-]{subsubsection.4.15.1.3}{\376\377\000F\000I\000L\000E\000\137\000G\000R\000A\000F\000I\000C\000O\000\137\000M\000F}{subsection.4.15.1}
\BOOKMARK [3][-]{subsubsection.4.15.1.4}{\376\377\000F\000I\000L\000E\000\137\000G\000R\000A\000F\000I\000C\000O\000\137\000S}{subsection.4.15.1}
\BOOKMARK [1][-]{section.4.16}{\376\377\000R\000e\000f\000e\000r\000\352\000n\000c\000i\000a\000\040\000d\000o\000\040\000A\000r\000q\000u\000i\000v\000o\000\040\000m\000a\000i\000n\000.\000c\000p\000p}{chapter.4}
\BOOKMARK [2][-]{subsection.4.16.1}{\376\377\000F\000u\000n\000\347\000\365\000e\000s}{section.4.16}
\BOOKMARK [3][-]{subsubsection.4.16.1.1}{\376\377\000c\000a\000\137\000h\000o\000h\000l\000e}{subsection.4.16.1}
\BOOKMARK [3][-]{subsubsection.4.16.1.2}{\376\377\000l\000g\000c\000a\000\137\000n\000o\000v\000o}{subsection.4.16.1}
\BOOKMARK [3][-]{subsubsection.4.16.1.3}{\376\377\000l\000g\000c\000a\000\137\000s\000a\000l\000v\000o}{subsection.4.16.1}
\BOOKMARK [3][-]{subsubsection.4.16.1.4}{\376\377\000m\000a\000i\000n}{subsection.4.16.1}
\BOOKMARK [3][-]{subsubsection.4.16.1.5}{\376\377\000m\000e\000a\000n\000\137\000f\000i\000e\000l\000d}{subsection.4.16.1}
\BOOKMARK [3][-]{subsubsection.4.16.1.6}{\376\377\000p\000r\000o\000c\000e\000s\000s\000a\000r\000\137\000l\000i\000n\000h\000a\000\137\000c\000o\000m\000a\000n\000d\000o}{subsection.4.16.1}
